<?xml version="1.0" encoding="UTF-8"?>
<!-- Generated by org.testng.reporters.JUnitReportReporter -->
<testsuite hostname="HP" failures="0" tests="5" name="testcase.BottomLinkTest" time="78.927" errors="0" timestamp="2023-02-21T12:04:27 IST" skipped="0">
  <testcase classname="testcase.BottomLinkTest" name="BottomLink1" time="10.440"/>
  <system-out/>
  <testcase classname="testcase.BottomLinkTest" name="BottomLink2" time="10.962"/>
  <system-out/>
  <testcase classname="testcase.BottomLinkTest" name="BottomLink3" time="7.895"/>
  <system-out/>
  <testcase classname="testcase.BottomLinkTest" name="BottomLink4" time="41.559"/>
  <system-out/>
  <testcase classname="testcase.BottomLinkTest" name="BottomLink5" time="8.071"/>
  <system-out/>
</testsuite> <!-- testcase.BottomLinkTest -->
